/*
 * Peluche Bot — programme personnel de Electro / MathéoCASSY
 * https://github.com/MatheoCASSY/
 */

[2025-11-14T23:18:10.569Z] [INFO] Chargée commande: ping
[2025-11-14T23:18:10.583Z] [INFO] Chargée commande: say
[2025-11-14T23:18:10.594Z] [INFO] Chargée slash-commande: msgverif
[2025-11-14T23:18:10.605Z] [INFO] Chargée slash-commande: ping
[2025-11-14T23:18:10.624Z] [INFO] Chargée slash-commande: say
[2025-11-14T23:18:11.850Z] [INFO] Peluche Bot#6916 connecté
[2025-11-14T23:26:13.700Z] [INFO] Récupération des guilds du bot et déploiement sur chacune...
[2025-11-14T23:26:14.139Z] [INFO] Déploiement pour guild 1289105777726062624 (Math²)...
[2025-11-14T23:26:14.377Z] [INFO]   OK — 3 commandes déployées
[2025-11-14T23:26:31.977Z] [INFO] Chargée commande: ping
[2025-11-14T23:26:31.987Z] [INFO] Chargée commande: say
[2025-11-14T23:26:31.996Z] [INFO] Chargée slash-commande: msgverif
[2025-11-14T23:26:32.005Z] [INFO] Chargée slash-commande: ping
[2025-11-14T23:26:32.018Z] [INFO] Chargée slash-commande: say
[2025-11-14T23:26:33.061Z] [INFO] Peluche Bot#6916 connecté
[2025-11-14T23:26:55.729Z] [INFO] Lancement vérification pour: electro__33
[2025-11-14T23:28:29.147Z] [INFO] Chargée commande: ping
[2025-11-14T23:28:29.166Z] [INFO] Chargée commande: say
[2025-11-14T23:28:29.178Z] [INFO] Chargée slash-commande: msgverif
[2025-11-14T23:28:29.193Z] [INFO] Chargée slash-commande: ping
[2025-11-14T23:28:29.208Z] [INFO] Chargée slash-commande: say
[2025-11-14T23:28:30.582Z] [INFO] Peluche Bot#6916 connecté
[2025-11-14T23:29:04.675Z] [INFO] Lancement vérification pour: electro__33
[2025-11-14T23:30:01.682Z] [INFO] Récupération des guilds du bot et déploiement sur chacune...
[2025-11-14T23:30:02.170Z] [INFO] Déploiement pour guild 1289105777726062624 (Math²)...
[2025-11-14T23:30:02.594Z] [INFO]   OK — 3 commandes déployées
[2025-11-14T23:32:11.611Z] [INFO] Récupération des guilds du bot et déploiement sur chacune...
[2025-11-14T23:32:12.030Z] [INFO] Déploiement pour guild 1289105777726062624 (Math²)...
[2025-11-14T23:32:12.322Z] [INFO]   OK — 3 commandes déployées
[2025-11-14T23:33:22.577Z] [INFO] Chargée commande: ping
[2025-11-14T23:33:22.603Z] [INFO] Chargée commande: say
[2025-11-14T23:33:22.620Z] [INFO] Chargée slash-commande: msgverif
[2025-11-14T23:33:22.647Z] [INFO] Chargée slash-commande: ping
[2025-11-14T23:33:22.677Z] [INFO] Chargée slash-commande: say
[2025-11-14T23:33:23.979Z] [INFO] Peluche Bot#6916 connecté
